<?xml version="1.0" encoding="UTF-8"?>
<!-- Generated by org.testng.reporters.JUnitReportReporter -->
<testsuite hostname="macs-Air" failures="0" tests="3" name="com.intigral.SubsciptionPackages.SubscriptionTest" time="10.942" errors="0" timestamp="2022-10-02T18:26:59 GST" skipped="0">
  <testcase classname="com.intigral.SubsciptionPackages.SubscriptionTest" name="verifyTestSaudiArabia" time="4.908"/>
  <system-out/>
  <testcase classname="com.intigral.SubsciptionPackages.SubscriptionTest" name="verifyTestBahrain" time="2.945"/>
  <system-out/>
  <testcase classname="com.intigral.SubsciptionPackages.SubscriptionTest" name="verifyTestKuwait" time="3.089"/>
  <system-out/>
</testsuite> <!-- com.intigral.SubsciptionPackages.SubscriptionTest -->
